<?xml version="1.0" encoding="UTF-8"?>
<!-- Generated by org.testng.reporters.JUnitReportReporter -->
<testsuite hostname="AFSWWK47C9MT97" failures="0" tests="1" name="org.archive.provider.ListServiceImplTest" time="0.102" errors="0" timestamp="2023-01-12T15:36:48 CST" skipped="0">
  <testcase classname="org.archive.provider.ListServiceImplTest" name="givenBookParameters_doesBookExist_returnBooleanValue" time="0.102"/>
  <system-out/>
</testsuite> <!-- org.archive.provider.ListServiceImplTest -->
