<?xml version="1.0" encoding="UTF-8"?>
<!-- Generated by org.testng.reporters.JUnitReportReporter -->
<testsuite hostname="AFSWWK47C9MT97" failures="0" tests="8" name="org.archive.provider.Web_Tests.ListPageTests" time="28.221" errors="0" timestamp="2023-02-22T14:14:23 CST" skipped="0">
  <testcase classname="org.archive.provider.Web_Tests.ListPageTests" name="goFromLandingPage_toBookListPage" time="8.401"/>
  <system-out/>
  <testcase classname="org.archive.provider.Web_Tests.ListPageTests" name="addBook_withBadTitleData" time="2.891"/>
  <system-out/>
  <testcase classname="org.archive.provider.Web_Tests.ListPageTests" name="addBook_withBadAuthorData" time="2.492"/>
  <system-out/>
  <testcase classname="org.archive.provider.Web_Tests.ListPageTests" name="addBook_withGoodData" time="3.286"/>
  <system-out/>
  <testcase classname="org.archive.provider.Web_Tests.ListPageTests" name="editBook_withBadTitleData" time="3.554"/>
  <system-out/>
  <testcase classname="org.archive.provider.Web_Tests.ListPageTests" name="editBook_withBadAuthorData" time="2.744"/>
  <system-out/>
  <testcase classname="org.archive.provider.Web_Tests.ListPageTests" name="editBook_withGoodData" time="3.278"/>
  <system-out/>
  <testcase classname="org.archive.provider.Web_Tests.ListPageTests" name="deleteBook" time="1.575"/>
  <system-out/>
</testsuite> <!-- org.archive.provider.Web_Tests.ListPageTests -->
