<?xml version="1.0" encoding="UTF-8"?>
<!-- Generated by org.testng.reporters.JUnitReportReporter -->
<testsuite hostname="AFSWWK47C9MT97" failures="0" tests="11" name="org.archive.provider.Service_Tests.ListServiceImplTest" time="0.212" errors="0" timestamp="2023-02-03T07:46:47 CST" skipped="0">
  <testcase classname="org.archive.provider.Service_Tests.ListServiceImplTest" name="findById_success" time="0.011"/>
  <system-out/>
  <testcase classname="org.archive.provider.Service_Tests.ListServiceImplTest" name="deleteBook_success" time="0.110"/>
  <system-out/>
  <testcase classname="org.archive.provider.Service_Tests.ListServiceImplTest" name="findAllBooksTest" time="0.011"/>
  <system-out/>
  <testcase classname="org.archive.provider.Service_Tests.ListServiceImplTest" name="givenBookParameters_doesBookExist_returnBooleanValue" time="0.007"/>
  <system-out/>
  <testcase classname="org.archive.provider.Service_Tests.ListServiceImplTest" name="findBadId_ReturnNull" time="0.014"/>
  <system-out/>
  <testcase classname="org.archive.provider.Service_Tests.ListServiceImplTest" name="findByTitle_failure" time="0.008"/>
  <system-out/>
  <testcase classname="org.archive.provider.Service_Tests.ListServiceImplTest" name="findByTitle_success" time="0.007"/>
  <system-out/>
  <testcase classname="org.archive.provider.Service_Tests.ListServiceImplTest" name="findAllBooksEmptyListTest" time="0.021"/>
  <system-out/>
  <testcase classname="org.archive.provider.Service_Tests.ListServiceImplTest" name="saveBook_success" time="0.005"/>
  <system-out/>
  <testcase classname="org.archive.provider.Service_Tests.ListServiceImplTest" name="givenLongValue_doesIdExistTest_returnBooleanValue" time="0.010"/>
  <system-out/>
  <testcase classname="org.archive.provider.Service_Tests.ListServiceImplTest" name="updateBookRecord_success" time="0.008"/>
  <system-out/>
</testsuite> <!-- org.archive.provider.Service_Tests.ListServiceImplTest -->
