<?xml version="1.0" encoding="UTF-8"?>
<!-- Generated by org.testng.reporters.JUnitReportReporter -->
<testsuite hostname="AFSWWK47C9MT97" failures="0" tests="11" name="org.archive.provider.ListServiceImplTest" time="0.182" errors="0" timestamp="2023-01-13T07:59:39 CST" skipped="0">
  <testcase classname="org.archive.provider.ListServiceImplTest" name="findByTitle_success" time="0.013"/>
  <system-out/>
  <testcase classname="org.archive.provider.ListServiceImplTest" name="givenBookParameters_doesBookExist_returnBooleanValue" time="0.014"/>
  <system-out/>
  <testcase classname="org.archive.provider.ListServiceImplTest" name="saveBook_success" time="0.009"/>
  <system-out/>
  <testcase classname="org.archive.provider.ListServiceImplTest" name="findAllBooksEmptyListTest" time="0.030"/>
  <system-out/>
  <testcase classname="org.archive.provider.ListServiceImplTest" name="deleteBook_success" time="0.051"/>
  <system-out/>
  <testcase classname="org.archive.provider.ListServiceImplTest" name="givenLongValue_doesIdExistTest_returnBooleanValue" time="0.009"/>
  <system-out/>
  <testcase classname="org.archive.provider.ListServiceImplTest" name="updateBookRecord_success" time="0.013"/>
  <system-out/>
  <testcase classname="org.archive.provider.ListServiceImplTest" name="findBadId_ReturnNull" time="0.015"/>
  <system-out/>
  <testcase classname="org.archive.provider.ListServiceImplTest" name="findAllBooksTest" time="0.009"/>
  <system-out/>
  <testcase classname="org.archive.provider.ListServiceImplTest" name="findById_success" time="0.010"/>
  <system-out/>
  <testcase classname="org.archive.provider.ListServiceImplTest" name="findByTitle_failure" time="0.009"/>
  <system-out/>
</testsuite> <!-- org.archive.provider.ListServiceImplTest -->
