<?xml version="1.0" encoding="UTF-8"?>
<!-- Generated by org.testng.reporters.JUnitReportReporter -->
<testsuite hostname="AFSWWK47C9MT97" failures="0" tests="1" name="org.archive.provider.ListServiceImplTest" time="0.028" errors="1" timestamp="2023-01-06T15:56:20 CST" skipped="0">
  <testcase classname="org.archive.provider.ListServiceImplTest" name="givenLongValue_doesIdExistTest_returnBooleanValue" time="0.028">
    <error message="class java.lang.Boolean cannot be cast to class org.archive.provider.entity.Book (java.lang.Boolean is in module java.base of loader &#039;bootstrap&#039;; org.archive.provider.entity.Book is in unnamed module of loader &#039;app&#039;)" type="java.lang.ClassCastException">
      <![CDATA[java.lang.ClassCastException: class java.lang.Boolean cannot be cast to class org.archive.provider.entity.Book (java.lang.Boolean is in module java.base of loader 'bootstrap'; org.archive.provider.entity.Book is in unnamed module of loader 'app')
at org.archive.provider.repository.BookDao$MockitoMock$RxDL7Pxb.getReferenceById(Unknown Source)
at org.archive.provider.repository.BookDao$MockitoMock$RxDL7Pxb.getReferenceById(Unknown Source)
at org.archive.provider.service.ListServiceImpl.doesIDExist(ListServiceImpl.java:83)
at org.archive.provider.ListServiceImplTest.givenLongValue_doesIdExistTest_returnBooleanValue(ListServiceImplTest.java:135)
at java.base/jdk.internal.reflect.DirectMethodHandleAccessor.invoke(DirectMethodHandleAccessor.java:104)
at java.base/java.lang.reflect.Method.invoke(Method.java:578)
at org.testng.internal.invokers.MethodInvocationHelper.invokeMethod(MethodInvocationHelper.java:139)
at org.testng.internal.invokers.MethodInvocationHelper$1.runTestMethod(MethodInvocationHelper.java:258)
at org.springframework.test.context.testng.AbstractTestNGSpringContextTests.run(AbstractTestNGSpringContextTests.java:186)
at org.testng.internal.invokers.MethodInvocationHelper.invokeHookable(MethodInvocationHelper.java:272)
at org.testng.internal.invokers.TestInvoker.invokeMethod(TestInvoker.java:669)
at org.testng.internal.invokers.TestInvoker.invokeTestMethod(TestInvoker.java:221)
at org.testng.internal.invokers.MethodRunner.runInSequence(MethodRunner.java:50)
at org.testng.internal.invokers.TestInvoker$MethodInvocationAgent.invoke(TestInvoker.java:962)
at org.testng.internal.invokers.TestInvoker.invokeTestMethods(TestInvoker.java:194)
at org.testng.internal.invokers.TestMethodWorker.invokeTestMethods(TestMethodWorker.java:148)
at org.testng.internal.invokers.TestMethodWorker.run(TestMethodWorker.java:128)
at java.base/java.util.ArrayList.forEach(ArrayList.java:1511)
at org.testng.TestRunner.privateRun(TestRunner.java:806)
at org.testng.TestRunner.run(TestRunner.java:601)
at org.testng.SuiteRunner.runTest(SuiteRunner.java:433)
at org.testng.SuiteRunner.runSequentially(SuiteRunner.java:427)
at org.testng.SuiteRunner.privateRun(SuiteRunner.java:387)
at org.testng.SuiteRunner.run(SuiteRunner.java:330)
at org.testng.SuiteRunnerWorker.runSuite(SuiteRunnerWorker.java:52)
at org.testng.SuiteRunnerWorker.run(SuiteRunnerWorker.java:95)
at org.testng.TestNG.runSuitesSequentially(TestNG.java:1256)
at org.testng.TestNG.runSuitesLocally(TestNG.java:1176)
at org.testng.TestNG.runSuites(TestNG.java:1099)
at org.testng.TestNG.run(TestNG.java:1067)
at org.testng.remote.AbstractRemoteTestNG.run(AbstractRemoteTestNG.java:115)
at org.testng.remote.RemoteTestNG.initAndRun(RemoteTestNG.java:251)
at org.testng.remote.RemoteTestNG.main(RemoteTestNG.java:77)
]]>
    </error>
  </testcase> <!-- givenLongValue_doesIdExistTest_returnBooleanValue -->
  <system-out/>
</testsuite> <!-- org.archive.provider.ListServiceImplTest -->
