<?xml version="1.0" encoding="UTF-8"?>
<!-- Generated by org.testng.reporters.JUnitReportReporter -->
<testsuite hostname="AFSWWK47C9MT97" failures="0" tests="9"
  name="org.archive.provider.Service_Tests.ListServiceImplTest" time="0.335" errors="0"
  timestamp="2023-02-17T14:42:12 CST" skipped="0">
  <testcase classname="org.archive.provider.Service_Tests.ListServiceImplTest"
    name="updateBookRecord_success" time="0.020" />
  <system-out />
  <testcase classname="org.archive.provider.Service_Tests.ListServiceImplTest"
    name="findAllBooksTest" time="0.011" />
  <system-out />
  <testcase classname="org.archive.provider.Service_Tests.ListServiceImplTest"
    name="findByTitle_failure" time="0.013" />
  <system-out />
  <testcase classname="org.archive.provider.Service_Tests.ListServiceImplTest"
    name="findByTitle_success" time="0.021" />
  <system-out />
  <testcase classname="org.archive.provider.Service_Tests.ListServiceImplTest"
    name="deleteBook_success" time="0.171" />
  <system-out />
  <testcase classname="org.archive.provider.Service_Tests.ListServiceImplTest"
    name="saveBook_success" time="0.015" />
  <system-out />
  <testcase classname="org.archive.provider.Service_Tests.ListServiceImplTest"
    name="findAllBooksEmptyListTest" time="0.043" />
  <system-out />
  <testcase classname="org.archive.provider.Service_Tests.ListServiceImplTest"
    name="findBadId_ReturnNull" time="0.022" />
  <system-out />
  <testcase classname="org.archive.provider.Service_Tests.ListServiceImplTest"
    name="findById_success" time="0.019" />
  <system-out />
</testsuite> <!-- org.archive.provider.Service_Tests.ListServiceImplTest -->