<?xml version="1.0" encoding="UTF-8"?>
<!-- Generated by org.testng.reporters.JUnitReportReporter -->
<testsuite hostname="AFSWWK47C9MT97" failures="0" tests="1" name="org.archive.provider.ListServiceImplTest" time="0.094" errors="0" timestamp="2023-01-11T14:18:53 CST" skipped="0">
  <testcase classname="org.archive.provider.ListServiceImplTest" name="givenLongValue_doesIdExistTest_returnBooleanValue" time="0.094"/>
  <system-out/>
</testsuite> <!-- org.archive.provider.ListServiceImplTest -->
