<?xml version="1.0" encoding="UTF-8"?>
<!-- Generated by org.testng.reporters.JUnitReportReporter -->
<testsuite hostname="AFSWWK47C9MT97" failures="0" tests="1" name="org.archive.provider.Web_Tests.HomePageTests" time="1.637" errors="0" timestamp="2023-01-17T12:12:17 CST" skipped="0">
  <testcase classname="org.archive.provider.Web_Tests.HomePageTests" name="getIndexPage" time="1.637"/>
  <system-out/>
</testsuite> <!-- org.archive.provider.Web_Tests.HomePageTests -->
