<?xml version="1.0" encoding="UTF-8"?>
<!-- Generated by org.testng.reporters.JUnitReportReporter -->
<testsuite hostname="AFSWWK47C9MT97" failures="0" tests="1" name="org.archive.provider.Web_Tests.SignInPageTests" time="3.192" errors="0" timestamp="2023-01-23T12:54:21 CST" skipped="0">
  <testcase classname="org.archive.provider.Web_Tests.SignInPageTests" name="goFromLandingPage_toBookListPage" time="3.192"/>
  <system-out/>
</testsuite> <!-- org.archive.provider.Web_Tests.SignInPageTests -->
