<?xml version="1.0" encoding="UTF-8"?>
<!-- Generated by org.testng.reporters.JUnitReportReporter -->
<testsuite hostname="AFSWWK47C9MT97" failures="0" tests="8" name="org.archive.provider.Web_Tests.ListPageTests" time="15.715" errors="0" timestamp="2023-02-23T10:45:00 CST" skipped="0">
  <testcase classname="org.archive.provider.Web_Tests.ListPageTests" name="goFromLandingPage_toBookListPage" time="3.614"/>
  <system-out/>
  <testcase classname="org.archive.provider.Web_Tests.ListPageTests" name="addBook_withBadTitleData" time="1.786"/>
  <system-out/>
  <testcase classname="org.archive.provider.Web_Tests.ListPageTests" name="addBook_withBadAuthorData" time="1.705"/>
  <system-out/>
  <testcase classname="org.archive.provider.Web_Tests.ListPageTests" name="addBook_withGoodData" time="1.869"/>
  <system-out/>
  <testcase classname="org.archive.provider.Web_Tests.ListPageTests" name="editBook_withBadTitleData" time="1.709"/>
  <system-out/>
  <testcase classname="org.archive.provider.Web_Tests.ListPageTests" name="editBook_withBadAuthorData" time="1.852"/>
  <system-out/>
  <testcase classname="org.archive.provider.Web_Tests.ListPageTests" name="editBook_withGoodData" time="2.202"/>
  <system-out/>
  <testcase classname="org.archive.provider.Web_Tests.ListPageTests" name="deleteBook" time="0.978"/>
  <system-out/>
</testsuite> <!-- org.archive.provider.Web_Tests.ListPageTests -->
