<?xml version="1.0" encoding="UTF-8"?>
<!-- Generated by org.testng.reporters.JUnitReportReporter -->
<testsuite hostname="AFSWWK47C9MT97" failures="0" tests="6" name="org.archive.provider.Web_Tests.HomePageTests" time="4.467" errors="0" timestamp="2023-01-23T12:17:27 CST" skipped="0">
  <testcase classname="org.archive.provider.Web_Tests.HomePageTests" name="loadLogInPage" time="1.756"/>
  <system-out/>
  <testcase classname="org.archive.provider.Web_Tests.HomePageTests" name="signIn_badUserName1" time="0.339"/>
  <system-out/>
  <testcase classname="org.archive.provider.Web_Tests.HomePageTests" name="signIn_badUserName2" time="0.363"/>
  <system-out/>
  <testcase classname="org.archive.provider.Web_Tests.HomePageTests" name="signIn_badPassword2" time="0.368"/>
  <system-out/>
  <testcase classname="org.archive.provider.Web_Tests.HomePageTests" name="signIn_badPassword1" time="0.403"/>
  <system-out/>
  <testcase classname="org.archive.provider.Web_Tests.HomePageTests" name="signIn_Correctly" time="1.238"/>
  <system-out/>
</testsuite> <!-- org.archive.provider.Web_Tests.HomePageTests -->
