<?xml version="1.0" encoding="UTF-8"?>
<!-- Generated by org.testng.reporters.JUnitReportReporter -->
<testsuite hostname="AFSWWK47C9MT97" failures="0" tests="8" name="org.archive.provider.Web_Tests.ListPageTests" time="16.329" errors="0" timestamp="2023-01-31T13:43:30 CST" skipped="0">
  <testcase classname="org.archive.provider.Web_Tests.ListPageTests" name="goFromLandingPage_toBookListPage" time="3.946"/>
  <system-out/>
  <testcase classname="org.archive.provider.Web_Tests.ListPageTests" name="addBook_withBadTitleData" time="1.180"/>
  <system-out/>
  <testcase classname="org.archive.provider.Web_Tests.ListPageTests" name="addBook_withBadAuthorData" time="1.576"/>
  <system-out/>
  <testcase classname="org.archive.provider.Web_Tests.ListPageTests" name="addBook_withGoodData" time="2.571"/>
  <system-out/>
  <testcase classname="org.archive.provider.Web_Tests.ListPageTests" name="editBook_withBadTitleData" time="1.842"/>
  <system-out/>
  <testcase classname="org.archive.provider.Web_Tests.ListPageTests" name="editBook_withBadAuthorData" time="1.708"/>
  <system-out/>
  <testcase classname="org.archive.provider.Web_Tests.ListPageTests" name="editBook_withGoodData" time="2.314"/>
  <system-out/>
  <testcase classname="org.archive.provider.Web_Tests.ListPageTests" name="deleteBook" time="1.192"/>
  <system-out/>
</testsuite> <!-- org.archive.provider.Web_Tests.ListPageTests -->
