<?xml version="1.0" encoding="UTF-8"?>
<!-- Generated by org.testng.reporters.JUnitReportReporter -->
<testsuite hostname="AFSWWK47C9MT97" failures="0" tests="6" name="org.archive.provider.Web_Tests.SignInPageTests" time="2.756" errors="0" timestamp="2023-02-23T16:20:21 CST" skipped="0">
  <testcase classname="org.archive.provider.Web_Tests.SignInPageTests" name="loadLogInPage" time="0.755"/>
  <system-out/>
  <testcase classname="org.archive.provider.Web_Tests.SignInPageTests" name="signIn_badUserName1" time="0.408"/>
  <system-out/>
  <testcase classname="org.archive.provider.Web_Tests.SignInPageTests" name="signIn_badUserName2" time="0.398"/>
  <system-out/>
  <testcase classname="org.archive.provider.Web_Tests.SignInPageTests" name="signIn_badPassword1" time="0.448"/>
  <system-out/>
  <testcase classname="org.archive.provider.Web_Tests.SignInPageTests" name="signIn_badPassword2" time="0.415"/>
  <system-out/>
  <testcase classname="org.archive.provider.Web_Tests.SignInPageTests" name="signIn_Correctly_goToLandingPage" time="0.332"/>
  <system-out/>
</testsuite> <!-- org.archive.provider.Web_Tests.SignInPageTests -->
