<?xml version="1.0" encoding="UTF-8"?>
<!-- Generated by org.testng.reporters.JUnitReportReporter -->
<testsuite hostname="AFSWWK47C9MT97" failures="0" tests="8" name="org.archive.provider.Web_Tests.ListPageTests" time="12.936" errors="0" timestamp="2023-02-03T07:47:13 CST" skipped="0">
  <testcase classname="org.archive.provider.Web_Tests.ListPageTests" name="goFromLandingPage_toBookListPage" time="4.421"/>
  <system-out/>
  <testcase classname="org.archive.provider.Web_Tests.ListPageTests" name="addBook_withBadTitleData" time="1.156"/>
  <system-out/>
  <testcase classname="org.archive.provider.Web_Tests.ListPageTests" name="addBook_withBadAuthorData" time="0.906"/>
  <system-out/>
  <testcase classname="org.archive.provider.Web_Tests.ListPageTests" name="addBook_withGoodData" time="1.387"/>
  <system-out/>
  <testcase classname="org.archive.provider.Web_Tests.ListPageTests" name="editBook_withBadTitleData" time="1.163"/>
  <system-out/>
  <testcase classname="org.archive.provider.Web_Tests.ListPageTests" name="editBook_withBadAuthorData" time="1.131"/>
  <system-out/>
  <testcase classname="org.archive.provider.Web_Tests.ListPageTests" name="editBook_withGoodData" time="1.702"/>
  <system-out/>
  <testcase classname="org.archive.provider.Web_Tests.ListPageTests" name="deleteBook" time="1.070"/>
  <system-out/>
</testsuite> <!-- org.archive.provider.Web_Tests.ListPageTests -->
