<?xml version="1.0" encoding="UTF-8"?>
<!-- Generated by org.testng.reporters.JUnitReportReporter -->
<testsuite hostname="AFSWWK47C9MT97" failures="0" tests="8" name="org.archive.provider.Web_Tests.ListPageTests" time="16.234" errors="0" timestamp="2023-02-03T10:44:40 CST" skipped="0">
  <testcase classname="org.archive.provider.Web_Tests.ListPageTests" name="goFromLandingPage_toBookListPage" time="3.661"/>
  <system-out/>
  <testcase classname="org.archive.provider.Web_Tests.ListPageTests" name="addBook_withBadTitleData" time="1.901"/>
  <system-out/>
  <testcase classname="org.archive.provider.Web_Tests.ListPageTests" name="addBook_withBadAuthorData" time="1.472"/>
  <system-out/>
  <testcase classname="org.archive.provider.Web_Tests.ListPageTests" name="addBook_withGoodData" time="1.962"/>
  <system-out/>
  <testcase classname="org.archive.provider.Web_Tests.ListPageTests" name="editBook_withBadTitleData" time="2.062"/>
  <system-out/>
  <testcase classname="org.archive.provider.Web_Tests.ListPageTests" name="editBook_withBadAuthorData" time="1.847"/>
  <system-out/>
  <testcase classname="org.archive.provider.Web_Tests.ListPageTests" name="editBook_withGoodData" time="2.610"/>
  <system-out/>
  <testcase classname="org.archive.provider.Web_Tests.ListPageTests" name="deleteBook" time="0.719"/>
  <system-out/>
</testsuite> <!-- org.archive.provider.Web_Tests.ListPageTests -->
